<?xml version="1.0" encoding="UTF-8"?>
<!-- Generated by org.testng.reporters.JUnitReportReporter -->
<testsuite skipped="0" hostname="DESKTOP-C35QMNU" name="testng.TestNGPriority" tests="3" failures="0" timestamp="29 Apr 2020 19:47:44 GMT" time="0.031" errors="0">
  <testcase name="three" time="0.016" classname="testng.TestNGPriority"/>
  <testcase name="two" time="0.000" classname="testng.TestNGPriority"/>
  <testcase name="one" time="0.015" classname="testng.TestNGPriority"/>
</testsuite> <!-- testng.TestNGPriority -->
