<?xml version="1.0" encoding="UTF-8"?>
<!-- Generated by org.testng.reporters.JUnitReportReporter -->
<testsuite skipped="0" hostname="DESKTOP-C35QMNU" name="test.ExtentReportDemoTestNG" tests="1" failures="0" timestamp="29 Apr 2020 19:22:35 GMT" time="1.468" errors="0">
  <testcase name="test1" time="1.468" classname="test.ExtentReportDemoTestNG"/>
</testsuite> <!-- test.ExtentReportDemoTestNG -->
