<?xml version="1.0" encoding="UTF-8"?>
<!-- Generated by org.testng.reporters.JUnitReportReporter -->
<testsuite skipped="1" hostname="DESKTOP-C35QMNU" name="testng.TestNgIgnoreDemo" tests="3" failures="0" timestamp="29 Apr 2020 21:18:03 GMT" time="0.016" errors="0">
  <testcase name="test2" time="0.016" classname="testng.TestNgIgnoreDemo"/>
  <testcase name="test3" time="0.000" classname="testng.TestNgIgnoreDemo"/>
  <testcase name="test1" classname="testng.TestNgIgnoreDemo">
    <skipped/>
  </testcase> <!-- test1 -->
</testsuite> <!-- testng.TestNgIgnoreDemo -->
