<?xml version="1.0" encoding="UTF-8"?>
<!-- Generated by org.testng.reporters.JUnitReportReporter -->
<testsuite skipped="0" hostname="DESKTOP-C35QMNU" name="testng.TestNgParameters" tests="1" failures="0" timestamp="29 Apr 2020 20:52:03 GMT" time="0.016" errors="0">
  <testcase name="test1" time="0.016" classname="testng.TestNgParameters"/>
</testsuite> <!-- testng.TestNgParameters -->
