<?xml version="1.0" encoding="UTF-8"?>
<!-- Generated by org.testng.reporters.JUnitReportReporter -->
<testsuite skipped="0" hostname="DESKTOP-C35QMNU" name="testng.TestNgGroups" tests="4" failures="0" timestamp="29 Apr 2020 21:01:40 GMT" time="0.015" errors="0">
  <testcase name="test2" time="0.000" classname="testng.TestNgGroups"/>
  <testcase name="test4" time="0.000" classname="testng.TestNgGroups"/>
  <testcase name="test1" time="0.015" classname="testng.TestNgGroups"/>
  <testcase name="test3" time="0.000" classname="testng.TestNgGroups"/>
</testsuite> <!-- testng.TestNgGroups -->
