<?xml version="1.0" encoding="UTF-8"?>
<!-- Generated by org.testng.reporters.JUnitReportReporter -->
<testsuite skipped="1" hostname="DESKTOP-C35QMNU" name="listeners.TestNgListenerDemo2" tests="3" failures="0" timestamp="29 Apr 2020 19:31:26 GMT" time="0.012" errors="0">
  <testcase name="test5" time="0.002" classname="listeners.TestNgListenerDemo2"/>
  <testcase name="test4" time="0.003" classname="listeners.TestNgListenerDemo2"/>
  <testcase name="test6" time="0.007" classname="listeners.TestNgListenerDemo2">
    <skipped/>
  </testcase> <!-- test6 -->
</testsuite> <!-- listeners.TestNgListenerDemo2 -->
