<?xml version="1.0" encoding="UTF-8"?>
<!-- Generated by org.testng.reporters.JUnitReportReporter -->
<testsuite skipped="0" hostname="DESKTOP-C35QMNU" name="utilities.ExcelDataProvider" tests="2" failures="0" timestamp="29 Apr 2020 18:45:49 GMT" time="14.023" errors="0">
  <testcase name="test1" time="7.497" classname="utilities.ExcelDataProvider"/>
  <testcase name="test1" time="6.526" classname="utilities.ExcelDataProvider"/>
</testsuite> <!-- utilities.ExcelDataProvider -->
