<?xml version="1.0" encoding="UTF-8"?>
<!-- Generated by org.testng.reporters.JUnitReportReporter -->
<testsuite skipped="0" hostname="DESKTOP-C35QMNU" name="test.Test1_GoogleSearch" tests="2" failures="0" timestamp="27 Apr 2020 20:51:56 GMT" time="8.197" errors="0">
  <testcase name="tearDown" time="0.126" classname="test.Test1_GoogleSearch"/>
  <testcase name="googleSearch" time="8.071" classname="test.Test1_GoogleSearch"/>
</testsuite> <!-- test.Test1_GoogleSearch -->
