<?xml version="1.0" encoding="UTF-8"?>
<!-- Generated by org.testng.reporters.JUnitReportReporter -->
<testsuite skipped="0" hostname="DESKTOP-C35QMNU" name="testng.TestNGMultiBrowserDemo" tests="2" failures="0" timestamp="29 Apr 2020 20:08:05 GMT" time="8.777" errors="0">
  <testcase name="test1" time="4.564" classname="testng.TestNGMultiBrowserDemo"/>
  <testcase name="test1" time="4.213" classname="testng.TestNGMultiBrowserDemo"/>
</testsuite> <!-- testng.TestNGMultiBrowserDemo -->
