<?xml version="1.0" encoding="UTF-8"?>
<!-- Generated by org.testng.reporters.JUnitReportReporter -->
<testsuite skipped="0" hostname="DESKTOP-C35QMNU" name="testng.TestNgDependency" tests="3" failures="0" timestamp="29 Apr 2020 21:03:11 GMT" time="0.000" errors="0">
  <testcase name="test2" time="0.000" classname="testng.TestNgDependency"/>
  <testcase name="test3" time="0.000" classname="testng.TestNgDependency"/>
  <testcase name="test1" time="0.000" classname="testng.TestNgDependency"/>
</testsuite> <!-- testng.TestNgDependency -->
